<?xml version="1.0" encoding="UTF-8"?>
<!-- Generated by org.testng.reporters.JUnitReportReporter -->
<testsuite hostname="Ved-PC" failures="0" tests="1" name="practiceTestng.TestNGProject" time="4.096" errors="0" timestamp="1 Sep 2022 09:09:20 GMT">
  <testcase classname="practiceTestng.TestNGProject" name="tc001" time="4.096"/>
</testsuite> <!-- practiceTestng.TestNGProject -->
